[ 2019-04-09T14:01:33+08:00 ] 127.0.0.1 /favicon.ico
INFO: [ app_init ] --START--
INFO: Run Behavior\BuildLiteBehavior [ RunTime:0.000014s ]
INFO: [ app_init ] --END-- [ RunTime:0.000930s ]

[ 2019-04-09T16:04:42+08:00 ] 127.0.0.1 /index.php/index.php?m=admin&c=user&a=index
INFO: [ app_init ] --START--
INFO: Run Behavior\BuildLiteBehavior [ RunTime:0.000015s ]
INFO: [ app_init ] --END-- [ RunTime:0.000928s ]
ERR: 无法加载模块:Index

[ 2019-04-09T16:11:27+08:00 ] 127.0.0.1 /index.php/index.php?m=admin&c=user&a=index
INFO: [ app_init ] --START--
INFO: Run Behavior\BuildLiteBehavior [ RunTime:0.000015s ]
INFO: [ app_init ] --END-- [ RunTime:0.007201s ]
ERR: 无法加载模块:Index

[ 2019-04-09T16:11:31+08:00 ] 127.0.0.1 /index.php/index.php?m=admin
INFO: [ app_init ] --START--
INFO: Run Behavior\BuildLiteBehavior [ RunTime:0.000043s ]
INFO: [ app_init ] --END-- [ RunTime:0.001415s ]
ERR: 无法加载模块:Index

[ 2019-04-09T16:11:37+08:00 ] 127.0.0.1 /index.phpm=admin
INFO: [ app_init ] --START--
INFO: Run Behavior\BuildLiteBehavior [ RunTime:0.000014s ]
INFO: [ app_init ] --END-- [ RunTime:0.004335s ]
ERR: 无法加载模块:Index

[ 2019-04-09T16:11:48+08:00 ] 127.0.0.1 /index.php/index.php?m=admin&c=user&a=index
INFO: [ app_init ] --START--
INFO: Run Behavior\BuildLiteBehavior [ RunTime:0.000009s ]
INFO: [ app_init ] --END-- [ RunTime:0.000696s ]
ERR: 无法加载模块:Index

[ 2019-04-09T16:22:27+08:00 ] 127.0.0.1 /index.php/index.php?m=admin&c=user&a=create
INFO: [ app_init ] --START--
INFO: Run Behavior\BuildLiteBehavior [ RunTime:0.000011s ]
INFO: [ app_init ] --END-- [ RunTime:0.000716s ]
ERR: 无法加载模块:Index

[ 2019-04-09T19:16:30+08:00 ] 127.0.0.1 /system.html
INFO: [ app_init ] --START--
INFO: Run Behavior\BuildLiteBehavior [ RunTime:0.000012s ]
INFO: [ app_init ] --END-- [ RunTime:0.000842s ]
ERR: 无法加载模块:System

[ 2019-04-09T19:40:45+08:00 ] 127.0.0.1 /index.php/Admin/User/index/p/Public/Uploads/20190409/5cac816fb212d.jpg
INFO: [ app_init ] --START--
INFO: Run Behavior\BuildLiteBehavior [ RunTime:0.000013s ]
INFO: [ app_init ] --END-- [ RunTime:0.000786s ]

[ 2019-04-09T19:40:45+08:00 ] 127.0.0.1 /index.php/Admin/User/index/p/Public/Uploads/20190409/5cac8202d1d74.png
INFO: [ app_init ] --START--
INFO: Run Behavior\BuildLiteBehavior [ RunTime:0.000015s ]
INFO: [ app_init ] --END-- [ RunTime:0.000971s ]

[ 2019-04-09T19:59:44+08:00 ] 127.0.0.1 /Public/Uploads/20190409/sm_5cac816fb212d.jpg
INFO: [ app_init ] --START--
INFO: Run Behavior\BuildLiteBehavior [ RunTime:0.000015s ]
INFO: [ app_init ] --END-- [ RunTime:0.006092s ]

[ 2019-04-09T20:01:07+08:00 ] 127.0.0.1 /Public/Uploads/20190409/sm_5cac816fb212d.jpg
INFO: [ app_init ] --START--
INFO: Run Behavior\BuildLiteBehavior [ RunTime:0.000013s ]
INFO: [ app_init ] --END-- [ RunTime:0.000878s ]

[ 2019-04-09T20:01:36+08:00 ] 127.0.0.1 /Public/Uploads/20190409/sm_5cac816fb212d.jpg
INFO: [ app_init ] --START--
INFO: Run Behavior\BuildLiteBehavior [ RunTime:0.000013s ]
INFO: [ app_init ] --END-- [ RunTime:0.000860s ]

[ 2019-04-09T21:10:13+08:00 ] 127.0.0.1 /u
INFO: [ app_init ] --START--
INFO: Run Behavior\BuildLiteBehavior [ RunTime:0.000015s ]
INFO: [ app_init ] --END-- [ RunTime:0.001238s ]
ERR: 无法加载模块:U

[ 2019-04-09T21:10:14+08:00 ] 127.0.0.1 /u
INFO: [ app_init ] --START--
INFO: Run Behavior\BuildLiteBehavior [ RunTime:0.000011s ]
INFO: [ app_init ] --END-- [ RunTime:0.000724s ]
ERR: 无法加载模块:U

[ 2019-04-09T21:10:14+08:00 ] 127.0.0.1 /u
INFO: [ app_init ] --START--
INFO: Run Behavior\BuildLiteBehavior [ RunTime:0.000006s ]
INFO: [ app_init ] --END-- [ RunTime:0.000514s ]
ERR: 无法加载模块:U

[ 2019-04-09T21:10:29+08:00 ] 127.0.0.1 /u
INFO: [ app_init ] --START--
INFO: Run Behavior\BuildLiteBehavior [ RunTime:0.000013s ]
INFO: [ app_init ] --END-- [ RunTime:0.000758s ]
ERR: 无法加载模块:U

[ 2019-04-09T21:10:29+08:00 ] 127.0.0.1 /u
INFO: [ app_init ] --START--
INFO: Run Behavior\BuildLiteBehavior [ RunTime:0.000011s ]
INFO: [ app_init ] --END-- [ RunTime:0.000737s ]
ERR: 无法加载模块:U

[ 2019-04-09T21:10:32+08:00 ] 127.0.0.1 /u
INFO: [ app_init ] --START--
INFO: Run Behavior\BuildLiteBehavior [ RunTime:0.000014s ]
INFO: [ app_init ] --END-- [ RunTime:0.000898s ]
ERR: 无法加载模块:U

[ 2019-04-09T21:13:54+08:00 ] 127.0.0.1 /u
INFO: [ app_init ] --START--
INFO: Run Behavior\BuildLiteBehavior [ RunTime:0.000023s ]
INFO: [ app_init ] --END-- [ RunTime:0.001300s ]
ERR: 无法加载模块:U

[ 2019-04-09T21:14:02+08:00 ] 127.0.0.1 /u
INFO: [ app_init ] --START--
INFO: Run Behavior\BuildLiteBehavior [ RunTime:0.000041s ]
INFO: [ app_init ] --END-- [ RunTime:0.002571s ]
ERR: 无法加载模块:U

[ 2019-04-09T21:17:46+08:00 ] 127.0.0.1 /Public/Uploads/20190409/sm_5cac996931557.png
INFO: [ app_init ] --START--
INFO: Run Behavior\BuildLiteBehavior [ RunTime:0.000009s ]
INFO: [ app_init ] --END-- [ RunTime:0.000641s ]

[ 2019-04-09T21:17:47+08:00 ] 127.0.0.1 /Public/Uploads/20190409/sm_5cac996931557.png
INFO: [ app_init ] --START--
INFO: Run Behavior\BuildLiteBehavior [ RunTime:0.000011s ]
INFO: [ app_init ] --END-- [ RunTime:0.000745s ]

[ 2019-04-09T21:17:47+08:00 ] 127.0.0.1 /Public/Uploads/20190409/sm_5cac996931557.png
INFO: [ app_init ] --START--
INFO: Run Behavior\BuildLiteBehavior [ RunTime:0.000008s ]
INFO: [ app_init ] --END-- [ RunTime:0.000510s ]

[ 2019-04-09T21:17:49+08:00 ] 127.0.0.1 /Public/Uploads/20190409/sm_5cac996931557.png
INFO: [ app_init ] --START--
INFO: Run Behavior\BuildLiteBehavior [ RunTime:0.000013s ]
INFO: [ app_init ] --END-- [ RunTime:0.001399s ]

[ 2019-04-09T21:18:03+08:00 ] 127.0.0.1 /Public/Uploads/20190409/sm_5cac996931557.png
INFO: [ app_init ] --START--
INFO: Run Behavior\BuildLiteBehavior [ RunTime:0.000010s ]
INFO: [ app_init ] --END-- [ RunTime:0.000666s ]

