[ 2019-04-10T14:29:01+08:00 ] 127.0.0.1 /favicon.ico
INFO: [ app_init ] --START--
INFO: Run Behavior\BuildLiteBehavior [ RunTime:0.000008s ]
INFO: [ app_init ] --END-- [ RunTime:0.000625s ]

[ 2019-04-10T15:14:32+08:00 ] 127.0.0.1 /Public/Uploads/20190410/sm_5cad97be3ec2f.jpg
INFO: [ app_init ] --START--
INFO: Run Behavior\BuildLiteBehavior [ RunTime:0.000009s ]
INFO: [ app_init ] --END-- [ RunTime:0.000630s ]

[ 2019-04-10T15:14:36+08:00 ] 127.0.0.1 /Public/Uploads/20190410/sm_5cad97be3ec2f.jpg
INFO: [ app_init ] --START--
INFO: Run Behavior\BuildLiteBehavior [ RunTime:0.000062s ]
INFO: [ app_init ] --END-- [ RunTime:0.003241s ]

[ 2019-04-10T15:14:55+08:00 ] 127.0.0.1 /Public/Uploads/20190410/sm_5cad97be3ec2f.jpg
INFO: [ app_init ] --START--
INFO: Run Behavior\BuildLiteBehavior [ RunTime:0.000008s ]
INFO: [ app_init ] --END-- [ RunTime:0.000760s ]

[ 2019-04-10T15:19:35+08:00 ] 127.0.0.1 /Public/Uploads/20190410/sm_5cad8da586fa2.jpeg
INFO: [ app_init ] --START--
INFO: Run Behavior\BuildLiteBehavior [ RunTime:0.000012s ]
INFO: [ app_init ] --END-- [ RunTime:0.000891s ]
ERR: 无法加载模块:Public

[ 2019-04-10T15:19:35+08:00 ] 127.0.0.1 /Public/Uploads/20190410/sm_5cad97be3ec2f.jpg
INFO: [ app_init ] --START--
INFO: Run Behavior\BuildLiteBehavior [ RunTime:0.000014s ]
INFO: [ app_init ] --END-- [ RunTime:0.001205s ]

[ 2019-04-10T15:19:37+08:00 ] 127.0.0.1 /Public/Uploads/20190410/sm_5cad8d6bd9c89.jpg
INFO: [ app_init ] --START--
INFO: Run Behavior\BuildLiteBehavior [ RunTime:0.000010s ]
INFO: [ app_init ] --END-- [ RunTime:0.000712s ]

[ 2019-04-10T15:19:37+08:00 ] 127.0.0.1 /Public/Uploads/20190410/sm_5cad8d7723294.jpeg
INFO: [ app_init ] --START--
INFO: Run Behavior\BuildLiteBehavior [ RunTime:0.000018s ]
INFO: [ app_init ] --END-- [ RunTime:0.001861s ]
ERR: 无法加载模块:Public

[ 2019-04-10T15:19:37+08:00 ] 127.0.0.1 /Public/Uploads/20190410/sm_5cad8d8649022.jpg
INFO: [ app_init ] --START--
INFO: Run Behavior\BuildLiteBehavior [ RunTime:0.000167s ]
INFO: [ app_init ] --END-- [ RunTime:0.001466s ]

[ 2019-04-10T15:19:40+08:00 ] 127.0.0.1 /Public/Uploads/20190410/sm_5cad8d46d63e6.jpg
INFO: [ app_init ] --START--
INFO: Run Behavior\BuildLiteBehavior [ RunTime:0.000012s ]
INFO: [ app_init ] --END-- [ RunTime:0.000874s ]

[ 2019-04-10T15:19:41+08:00 ] 127.0.0.1 /Public/Uploads/20190410/sm_5cad8d6bd9c89.jpg
INFO: [ app_init ] --START--
INFO: Run Behavior\BuildLiteBehavior [ RunTime:0.000014s ]
INFO: [ app_init ] --END-- [ RunTime:0.000799s ]

[ 2019-04-10T15:19:41+08:00 ] 127.0.0.1 /Public/Uploads/20190410/sm_5cad8d7723294.jpeg
INFO: [ app_init ] --START--
INFO: Run Behavior\BuildLiteBehavior [ RunTime:0.000010s ]
INFO: [ app_init ] --END-- [ RunTime:0.000796s ]
ERR: 无法加载模块:Public

[ 2019-04-10T15:19:41+08:00 ] 127.0.0.1 /Public/Uploads/20190410/sm_5cad8d8649022.jpg
INFO: [ app_init ] --START--
INFO: Run Behavior\BuildLiteBehavior [ RunTime:0.000013s ]
INFO: [ app_init ] --END-- [ RunTime:0.000974s ]

[ 2019-04-10T15:19:44+08:00 ] 127.0.0.1 /Public/Uploads/20190410/sm_5cad8d8649022.jpg
INFO: [ app_init ] --START--
INFO: Run Behavior\BuildLiteBehavior [ RunTime:0.000011s ]
INFO: [ app_init ] --END-- [ RunTime:0.000838s ]

[ 2019-04-10T15:19:44+08:00 ] 127.0.0.1 /Public/Uploads/20190410/sm_5cad8d7723294.jpeg
INFO: [ app_init ] --START--
INFO: Run Behavior\BuildLiteBehavior [ RunTime:0.000011s ]
INFO: [ app_init ] --END-- [ RunTime:0.000745s ]
ERR: 无法加载模块:Public

[ 2019-04-10T15:19:44+08:00 ] 127.0.0.1 /Public/Uploads/20190410/sm_5cad8da586fa2.jpeg
INFO: [ app_init ] --START--
INFO: Run Behavior\BuildLiteBehavior [ RunTime:0.000015s ]
INFO: [ app_init ] --END-- [ RunTime:0.002399s ]
ERR: 无法加载模块:Public

[ 2019-04-10T15:19:46+08:00 ] 127.0.0.1 /Public/Uploads/20190410/sm_5cad8da586fa2.jpeg
INFO: [ app_init ] --START--
INFO: Run Behavior\BuildLiteBehavior [ RunTime:0.000015s ]
INFO: [ app_init ] --END-- [ RunTime:0.000845s ]
ERR: 无法加载模块:Public

[ 2019-04-10T15:19:46+08:00 ] 127.0.0.1 /Public/Uploads/20190410/sm_5cad8d8649022.jpg
INFO: [ app_init ] --START--
INFO: Run Behavior\BuildLiteBehavior [ RunTime:0.000012s ]
INFO: [ app_init ] --END-- [ RunTime:0.000914s ]

[ 2019-04-10T15:19:46+08:00 ] 127.0.0.1 /Public/Uploads/20190410/sm_5cad97be3ec2f.jpg
INFO: [ app_init ] --START--
INFO: Run Behavior\BuildLiteBehavior [ RunTime:0.000014s ]
INFO: [ app_init ] --END-- [ RunTime:0.000923s ]

[ 2019-04-10T15:19:48+08:00 ] 127.0.0.1 /Public/Uploads/20190410/sm_5cad8da586fa2.jpeg
INFO: [ app_init ] --START--
INFO: Run Behavior\BuildLiteBehavior [ RunTime:0.000011s ]
INFO: [ app_init ] --END-- [ RunTime:0.000727s ]
ERR: 无法加载模块:Public

[ 2019-04-10T15:19:48+08:00 ] 127.0.0.1 /Public/Uploads/20190410/sm_5cad97be3ec2f.jpg
INFO: [ app_init ] --START--
INFO: Run Behavior\BuildLiteBehavior [ RunTime:0.000008s ]
INFO: [ app_init ] --END-- [ RunTime:0.000694s ]

[ 2019-04-10T15:19:50+08:00 ] 127.0.0.1 /Public/Uploads/20190410/sm_5cad8d46d63e6.jpg
INFO: [ app_init ] --START--
INFO: Run Behavior\BuildLiteBehavior [ RunTime:0.000013s ]
INFO: [ app_init ] --END-- [ RunTime:0.000871s ]

[ 2019-04-10T15:19:50+08:00 ] 127.0.0.1 /Public/Uploads/20190410/sm_5cad8d5ccacac.jpg
INFO: [ app_init ] --START--
INFO: Run Behavior\BuildLiteBehavior [ RunTime:0.000009s ]
INFO: [ app_init ] --END-- [ RunTime:0.000677s ]

[ 2019-04-10T15:19:53+08:00 ] 127.0.0.1 /Public/Uploads/20190410/sm_5cad8d5ccacac.jpg
INFO: [ app_init ] --START--
INFO: Run Behavior\BuildLiteBehavior [ RunTime:0.000012s ]
INFO: [ app_init ] --END-- [ RunTime:0.001280s ]

[ 2019-04-10T15:19:53+08:00 ] 127.0.0.1 /Public/Uploads/20190410/sm_5cad8d46d63e6.jpg
INFO: [ app_init ] --START--
INFO: Run Behavior\BuildLiteBehavior [ RunTime:0.000015s ]
INFO: [ app_init ] --END-- [ RunTime:0.000898s ]

[ 2019-04-10T15:19:53+08:00 ] 127.0.0.1 /Public/Uploads/20190410/sm_5cad8da586fa2.jpeg
INFO: [ app_init ] --START--
INFO: Run Behavior\BuildLiteBehavior [ RunTime:0.000067s ]
INFO: [ app_init ] --END-- [ RunTime:0.004680s ]
ERR: 无法加载模块:Public

[ 2019-04-10T15:19:55+08:00 ] 127.0.0.1 /Public/Uploads/20190410/sm_5cad8da586fa2.jpeg
INFO: [ app_init ] --START--
INFO: Run Behavior\BuildLiteBehavior [ RunTime:0.000012s ]
INFO: [ app_init ] --END-- [ RunTime:0.000798s ]
ERR: 无法加载模块:Public

[ 2019-04-10T15:19:55+08:00 ] 127.0.0.1 /Public/Uploads/20190410/sm_5cad8d5ccacac.jpg
INFO: [ app_init ] --START--
INFO: Run Behavior\BuildLiteBehavior [ RunTime:0.000011s ]
INFO: [ app_init ] --END-- [ RunTime:0.000860s ]

[ 2019-04-10T15:19:55+08:00 ] 127.0.0.1 /Public/Uploads/20190410/sm_5cad97be3ec2f.jpg
INFO: [ app_init ] --START--
INFO: Run Behavior\BuildLiteBehavior [ RunTime:0.000009s ]
INFO: [ app_init ] --END-- [ RunTime:0.000738s ]

[ 2019-04-10T15:19:57+08:00 ] 127.0.0.1 /Public/Uploads/20190410/sm_5cad8da586fa2.jpeg
INFO: [ app_init ] --START--
INFO: Run Behavior\BuildLiteBehavior [ RunTime:0.000126s ]
INFO: [ app_init ] --END-- [ RunTime:0.002609s ]
ERR: 无法加载模块:Public

[ 2019-04-10T15:19:57+08:00 ] 127.0.0.1 /Public/Uploads/20190410/sm_5cad97be3ec2f.jpg
INFO: [ app_init ] --START--
INFO: Run Behavior\BuildLiteBehavior [ RunTime:0.000013s ]
INFO: [ app_init ] --END-- [ RunTime:0.001106s ]

[ 2019-04-10T15:19:57+08:00 ] 127.0.0.1 /Public/Uploads/20190410/sm_5cad8da586fa2.jpeg
INFO: [ app_init ] --START--
INFO: Run Behavior\BuildLiteBehavior [ RunTime:0.000016s ]
INFO: [ app_init ] --END-- [ RunTime:0.001165s ]
ERR: 无法加载模块:Public

[ 2019-04-10T15:20:01+08:00 ] 127.0.0.1 /Public/Uploads/20190410/sm_5cad97be3ec2f.jpg
INFO: [ app_init ] --START--
INFO: Run Behavior\BuildLiteBehavior [ RunTime:0.000017s ]
INFO: [ app_init ] --END-- [ RunTime:0.000971s ]

[ 2019-04-10T15:25:10+08:00 ] 127.0.0.1 /Public/Uploads/20190410/sm_sm_5cad97eba2e75.jpg
INFO: [ app_init ] --START--
INFO: Run Behavior\BuildLiteBehavior [ RunTime:0.000014s ]
INFO: [ app_init ] --END-- [ RunTime:0.000974s ]

[ 2019-04-10T15:25:11+08:00 ] 127.0.0.1 /Public/Uploads/20190410/sm_sm_5cad97eba2e75.jpg
INFO: [ app_init ] --START--
INFO: Run Behavior\BuildLiteBehavior [ RunTime:0.000015s ]
INFO: [ app_init ] --END-- [ RunTime:0.001431s ]

[ 2019-04-10T15:25:11+08:00 ] 127.0.0.1 /Public/Uploads/20190410/sm_sm_5cad97eba2e75.jpg
INFO: [ app_init ] --START--
INFO: Run Behavior\BuildLiteBehavior [ RunTime:0.000013s ]
INFO: [ app_init ] --END-- [ RunTime:0.001059s ]

[ 2019-04-10T15:25:48+08:00 ] 127.0.0.1 /Public/Uploads/20190410/sm_sm_5cad97eba2e75.jpg
INFO: [ app_init ] --START--
INFO: Run Behavior\BuildLiteBehavior [ RunTime:0.000015s ]
INFO: [ app_init ] --END-- [ RunTime:0.000914s ]

[ 2019-04-10T15:25:49+08:00 ] 127.0.0.1 /Public/Uploads/20190410/sm_sm_5cad97eba2e75.jpg
INFO: [ app_init ] --START--
INFO: Run Behavior\BuildLiteBehavior [ RunTime:0.000009s ]
INFO: [ app_init ] --END-- [ RunTime:0.000581s ]

[ 2019-04-10T15:25:49+08:00 ] 127.0.0.1 /Public/Uploads/20190410/sm_sm_5cad97eba2e75.jpg
INFO: [ app_init ] --START--
INFO: Run Behavior\BuildLiteBehavior [ RunTime:0.000012s ]
INFO: [ app_init ] --END-- [ RunTime:0.001072s ]

[ 2019-04-10T15:26:00+08:00 ] 127.0.0.1 /Public/Uploads/20190410/sm_sm_5cad97eba2e75.jpg
INFO: [ app_init ] --START--
INFO: Run Behavior\BuildLiteBehavior [ RunTime:0.000017s ]
INFO: [ app_init ] --END-- [ RunTime:0.003040s ]

[ 2019-04-10T15:26:00+08:00 ] 127.0.0.1 /Public/Uploads/20190410/sm_sm_5cad9a86069a3.jpg
INFO: [ app_init ] --START--
INFO: Run Behavior\BuildLiteBehavior [ RunTime:0.000016s ]
INFO: [ app_init ] --END-- [ RunTime:0.001229s ]

[ 2019-04-10T15:26:32+08:00 ] 127.0.0.1 /Public/Uploads/20190410/sm_sm_5cad97eba2e75.jpg
INFO: [ app_init ] --START--
INFO: Run Behavior\BuildLiteBehavior [ RunTime:0.000013s ]
INFO: [ app_init ] --END-- [ RunTime:0.000787s ]

[ 2019-04-10T15:26:32+08:00 ] 127.0.0.1 /Public/Uploads/20190410/sm_sm_5cad9a86069a3.jpg
INFO: [ app_init ] --START--
INFO: Run Behavior\BuildLiteBehavior [ RunTime:0.000008s ]
INFO: [ app_init ] --END-- [ RunTime:0.000563s ]

[ 2019-04-10T15:26:32+08:00 ] 127.0.0.1 /Public/Uploads/20190410/sm_sm_5cad9a86069a3.jpg
INFO: [ app_init ] --START--
INFO: Run Behavior\BuildLiteBehavior [ RunTime:0.000009s ]
INFO: [ app_init ] --END-- [ RunTime:0.000679s ]

[ 2019-04-10T15:26:32+08:00 ] 127.0.0.1 /Public/Uploads/20190410/sm_sm_5cad97eba2e75.jpg
INFO: [ app_init ] --START--
INFO: Run Behavior\BuildLiteBehavior [ RunTime:0.000009s ]
INFO: [ app_init ] --END-- [ RunTime:0.000628s ]

[ 2019-04-10T15:27:21+08:00 ] 127.0.0.1 /Public/Uploads/20190410/sm_sm_5cad97eba2e75.jpg
INFO: [ app_init ] --START--
INFO: Run Behavior\BuildLiteBehavior [ RunTime:0.000007s ]
INFO: [ app_init ] --END-- [ RunTime:0.000547s ]

[ 2019-04-10T15:27:21+08:00 ] 127.0.0.1 /Public/Uploads/20190410/sm_sm_5cad9a86069a3.jpg
INFO: [ app_init ] --START--
INFO: Run Behavior\BuildLiteBehavior [ RunTime:0.000006s ]
INFO: [ app_init ] --END-- [ RunTime:0.000576s ]

[ 2019-04-10T15:32:10+08:00 ] 127.0.0.1 /Public/Uploads/20190410/sm_sm_5cad97eba2e75.jpg
INFO: [ app_init ] --START--
INFO: Run Behavior\BuildLiteBehavior [ RunTime:0.000010s ]
INFO: [ app_init ] --END-- [ RunTime:0.000703s ]

[ 2019-04-10T15:32:10+08:00 ] 127.0.0.1 /Public/Uploads/20190410/sm_sm_5cad9a86069a3.jpg
INFO: [ app_init ] --START--
INFO: Run Behavior\BuildLiteBehavior [ RunTime:0.000019s ]
INFO: [ app_init ] --END-- [ RunTime:0.002855s ]

[ 2019-04-10T15:37:57+08:00 ] 127.0.0.1 /system.html
INFO: [ app_init ] --START--
INFO: Run Behavior\BuildLiteBehavior [ RunTime:0.000013s ]
INFO: [ app_init ] --END-- [ RunTime:0.001006s ]
ERR: 无法加载模块:System

[ 2019-04-10T20:46:26+08:00 ] 127.0.0.1 /favicon.ico
INFO: [ app_init ] --START--
INFO: Run Behavior\BuildLiteBehavior [ RunTime:0.000008s ]
INFO: [ app_init ] --END-- [ RunTime:0.000534s ]

[ 2019-04-10T21:23:05+08:00 ] 127.0.0.1 /favicon.ico
INFO: [ app_init ] --START--
INFO: Run Behavior\BuildLiteBehavior [ RunTime:0.000015s ]
INFO: [ app_init ] --END-- [ RunTime:0.001075s ]

