[ 2019-04-16T08:32:33+08:00 ] 127.0.0.1 /favicon.ico
INFO: [ app_init ] --START--
INFO: Run Behavior\BuildLiteBehavior [ RunTime:0.000011s ]
INFO: [ app_init ] --END-- [ RunTime:0.000753s ]

[ 2019-04-16T08:36:24+08:00 ] 127.0.0.1 /Public/static/image/common/midavt_shadow.gif
INFO: [ app_init ] --START--
INFO: Run Behavior\BuildLiteBehavior [ RunTime:0.000011s ]
INFO: [ app_init ] --END-- [ RunTime:0.000733s ]

[ 2019-04-16T08:36:24+08:00 ] 127.0.0.1 /Public/static/image/common/pn.png
INFO: [ app_init ] --START--
INFO: Run Behavior\BuildLiteBehavior [ RunTime:0.000007s ]
INFO: [ app_init ] --END-- [ RunTime:0.000541s ]

[ 2019-04-16T09:22:53+08:00 ] 127.0.0.1 /favicon.ico
INFO: [ app_init ] --START--
INFO: Run Behavior\BuildLiteBehavior [ RunTime:0.000014s ]
INFO: [ app_init ] --END-- [ RunTime:0.003730s ]

[ 2019-04-16T09:38:53+08:00 ] 127.0.0.1 /index.php?m=home?c=user&a=update
INFO: [ app_init ] --START--
INFO: Run Behavior\BuildLiteBehavior [ RunTime:0.000066s ]
INFO: [ app_init ] --END-- [ RunTime:0.002385s ]
ERR: 无法加载模块:Home?c=user

[ 2019-04-16T09:39:57+08:00 ] 127.0.0.1 /index.php?m=home?c=user&a=update
INFO: [ app_init ] --START--
INFO: Run Behavior\BuildLiteBehavior [ RunTime:0.000007s ]
INFO: [ app_init ] --END-- [ RunTime:0.000525s ]
ERR: 无法加载模块:Home?c=user

[ 2019-04-16T09:40:13+08:00 ] 127.0.0.1 /index.php?m=home?c=user&a=update
INFO: [ app_init ] --START--
INFO: Run Behavior\BuildLiteBehavior [ RunTime:0.000008s ]
INFO: [ app_init ] --END-- [ RunTime:0.000663s ]
ERR: 无法加载模块:Home?c=user

[ 2019-04-16T10:37:10+08:00 ] 127.0.0.1 /1545319855-DeWyGwgAds.jpeg/sm_
INFO: [ app_init ] --START--
INFO: Run Behavior\BuildLiteBehavior [ RunTime:0.000020s ]
INFO: [ app_init ] --END-- [ RunTime:0.001253s ]
ERR: 无法加载模块:1545319855-DeWyGwgAds.jpeg

[ 2019-04-16T10:37:14+08:00 ] 127.0.0.1 /1545319855-DeWyGwgAds.jpeg/sm_
INFO: [ app_init ] --START--
INFO: Run Behavior\BuildLiteBehavior [ RunTime:0.000068s ]
INFO: [ app_init ] --END-- [ RunTime:0.001670s ]
ERR: 无法加载模块:1545319855-DeWyGwgAds.jpeg

[ 2019-04-16T10:38:21+08:00 ] 127.0.0.1 /1545319855-DeWyGwgAds.jpeg/sm_
INFO: [ app_init ] --START--
INFO: Run Behavior\BuildLiteBehavior [ RunTime:0.000008s ]
INFO: [ app_init ] --END-- [ RunTime:0.000664s ]
ERR: 无法加载模块:1545319855-DeWyGwgAds.jpeg

[ 2019-04-16T10:38:35+08:00 ] 127.0.0.1 /u=2686886002,1694428922&fm=26&gp=0.jpg/sm_
INFO: [ app_init ] --START--
INFO: Run Behavior\BuildLiteBehavior [ RunTime:0.000014s ]
INFO: [ app_init ] --END-- [ RunTime:0.001221s ]
ERR: 无法加载模块:U=2686886002,1694428922&fm=26&gp=0.jpg

[ 2019-04-16T10:38:58+08:00 ] 127.0.0.1 /u=2686886002,1694428922&fm=26&gp=0.jpg/sm_
INFO: [ app_init ] --START--
INFO: Run Behavior\BuildLiteBehavior [ RunTime:0.000017s ]
INFO: [ app_init ] --END-- [ RunTime:0.000904s ]
ERR: 无法加载模块:U=2686886002,1694428922&fm=26&gp=0.jpg

[ 2019-04-16T10:39:03+08:00 ] 127.0.0.1 /u=2686886002,1694428922&fm=26&gp=0.jpg/sm_
INFO: [ app_init ] --START--
INFO: Run Behavior\BuildLiteBehavior [ RunTime:0.000058s ]
INFO: [ app_init ] --END-- [ RunTime:0.003875s ]
ERR: 无法加载模块:U=2686886002,1694428922&fm=26&gp=0.jpg

[ 2019-04-16T10:47:14+08:00 ] 127.0.0.1 /index.php/index.php?m=home&c=user&a=edit&uid=67
INFO: [ app_init ] --START--
INFO: Run Behavior\BuildLiteBehavior [ RunTime:0.000020s ]
INFO: [ app_init ] --END-- [ RunTime:0.002497s ]
ERR: 无法加载模块:Index

[ 2019-04-16T10:47:33+08:00 ] 127.0.0.1 /index.php/index.php?m=home&c=user&a=edit&uid=67
INFO: [ app_init ] --START--
INFO: Run Behavior\BuildLiteBehavior [ RunTime:0.000016s ]
INFO: [ app_init ] --END-- [ RunTime:0.000843s ]
ERR: 无法加载模块:Index

[ 2019-04-16T11:25:47+08:00 ] 127.0.0.1 /favicon.ico
INFO: [ app_init ] --START--
INFO: Run Behavior\BuildLiteBehavior [ RunTime:0.000026s ]
INFO: [ app_init ] --END-- [ RunTime:0.001034s ]

[ 2019-04-16T11:46:37+08:00 ] 127.0.0.1 /favicon.ico
INFO: [ app_init ] --START--
INFO: Run Behavior\BuildLiteBehavior [ RunTime:0.000014s ]
INFO: [ app_init ] --END-- [ RunTime:0.001072s ]

[ 2019-04-16T11:57:47+08:00 ] 127.0.0.1 /Public/static/image/common/midavt_shadow.gif
INFO: [ app_init ] --START--
INFO: Run Behavior\BuildLiteBehavior [ RunTime:0.000012s ]
INFO: [ app_init ] --END-- [ RunTime:0.000703s ]

[ 2019-04-16T11:57:47+08:00 ] 127.0.0.1 /Public/static/image/common/pn.png
INFO: [ app_init ] --START--
INFO: Run Behavior\BuildLiteBehavior [ RunTime:0.000015s ]
INFO: [ app_init ] --END-- [ RunTime:0.001160s ]

[ 2019-04-16T11:57:50+08:00 ] 127.0.0.1 /Public/static/image/common/midavt_shadow.gif
INFO: [ app_init ] --START--
INFO: Run Behavior\BuildLiteBehavior [ RunTime:0.000066s ]
INFO: [ app_init ] --END-- [ RunTime:0.000862s ]

[ 2019-04-16T11:57:50+08:00 ] 127.0.0.1 /Public/static/image/common/pn.png
INFO: [ app_init ] --START--
INFO: Run Behavior\BuildLiteBehavior [ RunTime:0.000009s ]
INFO: [ app_init ] --END-- [ RunTime:0.000713s ]

[ 2019-04-16T11:59:06+08:00 ] 127.0.0.1 /Public/static/image/common/midavt_shadow.gif
INFO: [ app_init ] --START--
INFO: Run Behavior\BuildLiteBehavior [ RunTime:0.000013s ]
INFO: [ app_init ] --END-- [ RunTime:0.000790s ]

[ 2019-04-16T12:05:00+08:00 ] 127.0.0.1 /Public/static/image/common/midavt_shadow.gif
INFO: [ app_init ] --START--
INFO: Run Behavior\BuildLiteBehavior [ RunTime:0.000008s ]
INFO: [ app_init ] --END-- [ RunTime:0.000610s ]

[ 2019-04-16T12:05:00+08:00 ] 127.0.0.1 /Public/static/image/common/pn.png
INFO: [ app_init ] --START--
INFO: Run Behavior\BuildLiteBehavior [ RunTime:0.000008s ]
INFO: [ app_init ] --END-- [ RunTime:0.000633s ]

[ 2019-04-16T12:05:04+08:00 ] 127.0.0.1 /Public/static/image/common/midavt_shadow.gif
INFO: [ app_init ] --START--
INFO: Run Behavior\BuildLiteBehavior [ RunTime:0.000014s ]
INFO: [ app_init ] --END-- [ RunTime:0.000865s ]

[ 2019-04-16T12:05:04+08:00 ] 127.0.0.1 /Public/static/image/common/pn.png
INFO: [ app_init ] --START--
INFO: Run Behavior\BuildLiteBehavior [ RunTime:0.000019s ]
INFO: [ app_init ] --END-- [ RunTime:0.001189s ]

[ 2019-04-16T12:05:05+08:00 ] 127.0.0.1 /Public/static/image/common/midavt_shadow.gif
INFO: [ app_init ] --START--
INFO: Run Behavior\BuildLiteBehavior [ RunTime:0.000008s ]
INFO: [ app_init ] --END-- [ RunTime:0.000603s ]

[ 2019-04-16T12:05:05+08:00 ] 127.0.0.1 /Public/static/image/common/pn.png
INFO: [ app_init ] --START--
INFO: Run Behavior\BuildLiteBehavior [ RunTime:0.000008s ]
INFO: [ app_init ] --END-- [ RunTime:0.000600s ]

[ 2019-04-16T12:07:55+08:00 ] 127.0.0.1 /Public/static/image/common/midavt_shadow.gif
INFO: [ app_init ] --START--
INFO: Run Behavior\BuildLiteBehavior [ RunTime:0.000007s ]
INFO: [ app_init ] --END-- [ RunTime:0.000567s ]

[ 2019-04-16T12:07:55+08:00 ] 127.0.0.1 /Public/static/image/common/pn.png
INFO: [ app_init ] --START--
INFO: Run Behavior\BuildLiteBehavior [ RunTime:0.000013s ]
INFO: [ app_init ] --END-- [ RunTime:0.001037s ]

[ 2019-04-16T12:07:59+08:00 ] 127.0.0.1 /Public/static/image/common/midavt_shadow.gif
INFO: [ app_init ] --START--
INFO: Run Behavior\BuildLiteBehavior [ RunTime:0.000028s ]
INFO: [ app_init ] --END-- [ RunTime:0.000872s ]

[ 2019-04-16T12:07:59+08:00 ] 127.0.0.1 /Public/static/image/common/pn.png
INFO: [ app_init ] --START--
INFO: Run Behavior\BuildLiteBehavior [ RunTime:0.000014s ]
INFO: [ app_init ] --END-- [ RunTime:0.001001s ]

[ 2019-04-16T12:14:16+08:00 ] 127.0.0.1 /Public/static/image/common/px.png
INFO: [ app_init ] --START--
INFO: Run Behavior\BuildLiteBehavior [ RunTime:0.000034s ]
INFO: [ app_init ] --END-- [ RunTime:0.001625s ]

[ 2019-04-16T12:15:27+08:00 ] 127.0.0.1 /Public/static/image/common/px.png
INFO: [ app_init ] --START--
INFO: Run Behavior\BuildLiteBehavior [ RunTime:0.000019s ]
INFO: [ app_init ] --END-- [ RunTime:0.001029s ]

[ 2019-04-16T12:15:39+08:00 ] 127.0.0.1 /Public/static/image/common/midavt_shadow.gif
INFO: [ app_init ] --START--
INFO: Run Behavior\BuildLiteBehavior [ RunTime:0.000007s ]
INFO: [ app_init ] --END-- [ RunTime:0.000567s ]

[ 2019-04-16T12:15:39+08:00 ] 127.0.0.1 /Public/static/image/common/pn.png
INFO: [ app_init ] --START--
INFO: Run Behavior\BuildLiteBehavior [ RunTime:0.000011s ]
INFO: [ app_init ] --END-- [ RunTime:0.000767s ]

[ 2019-04-16T12:22:36+08:00 ] 127.0.0.1 /Public/static/image/common/midavt_shadow.gif
INFO: [ app_init ] --START--
INFO: Run Behavior\BuildLiteBehavior [ RunTime:0.000013s ]
INFO: [ app_init ] --END-- [ RunTime:0.000810s ]

[ 2019-04-16T12:22:36+08:00 ] 127.0.0.1 /Public/static/image/common/pn.png
INFO: [ app_init ] --START--
INFO: Run Behavior\BuildLiteBehavior [ RunTime:0.000019s ]
INFO: [ app_init ] --END-- [ RunTime:0.002103s ]

[ 2019-04-16T12:22:40+08:00 ] 127.0.0.1 /Public/static/image/common/midavt_shadow.gif
INFO: [ app_init ] --START--
INFO: Run Behavior\BuildLiteBehavior [ RunTime:0.000014s ]
INFO: [ app_init ] --END-- [ RunTime:0.002624s ]

[ 2019-04-16T12:22:40+08:00 ] 127.0.0.1 /Public/static/image/common/pn.png
INFO: [ app_init ] --START--
INFO: Run Behavior\BuildLiteBehavior [ RunTime:0.000026s ]
INFO: [ app_init ] --END-- [ RunTime:0.001429s ]

[ 2019-04-16T12:25:46+08:00 ] 127.0.0.1 /Public/static/image/common/midavt_shadow.gif
INFO: [ app_init ] --START--
INFO: Run Behavior\BuildLiteBehavior [ RunTime:0.000014s ]
INFO: [ app_init ] --END-- [ RunTime:0.000905s ]

[ 2019-04-16T12:25:46+08:00 ] 127.0.0.1 /Public/static/image/common/pn.png
INFO: [ app_init ] --START--
INFO: Run Behavior\BuildLiteBehavior [ RunTime:0.000015s ]
INFO: [ app_init ] --END-- [ RunTime:0.001541s ]

[ 2019-04-16T12:25:51+08:00 ] 127.0.0.1 /Public/static/image/common/midavt_shadow.gif
INFO: [ app_init ] --START--
INFO: Run Behavior\BuildLiteBehavior [ RunTime:0.000014s ]
INFO: [ app_init ] --END-- [ RunTime:0.002928s ]

[ 2019-04-16T12:25:51+08:00 ] 127.0.0.1 /Public/static/image/common/pn.png
INFO: [ app_init ] --START--
INFO: Run Behavior\BuildLiteBehavior [ RunTime:0.000012s ]
INFO: [ app_init ] --END-- [ RunTime:0.000832s ]

[ 2019-04-16T12:27:10+08:00 ] 127.0.0.1 /Public/static/image/common/midavt_shadow.gif
INFO: [ app_init ] --START--
INFO: Run Behavior\BuildLiteBehavior [ RunTime:0.000013s ]
INFO: [ app_init ] --END-- [ RunTime:0.000849s ]

[ 2019-04-16T12:27:10+08:00 ] 127.0.0.1 /Public/static/image/common/pn.png
INFO: [ app_init ] --START--
INFO: Run Behavior\BuildLiteBehavior [ RunTime:0.000012s ]
INFO: [ app_init ] --END-- [ RunTime:0.000878s ]

[ 2019-04-16T12:27:16+08:00 ] 127.0.0.1 /Public/static/image/common/midavt_shadow.gif
INFO: [ app_init ] --START--
INFO: Run Behavior\BuildLiteBehavior [ RunTime:0.000067s ]
INFO: [ app_init ] --END-- [ RunTime:0.001469s ]

[ 2019-04-16T12:27:16+08:00 ] 127.0.0.1 /Public/static/image/common/pn.png
INFO: [ app_init ] --START--
INFO: Run Behavior\BuildLiteBehavior [ RunTime:0.000012s ]
INFO: [ app_init ] --END-- [ RunTime:0.000724s ]

[ 2019-04-16T12:28:11+08:00 ] 127.0.0.1 /Public/static/image/common/midavt_shadow.gif
INFO: [ app_init ] --START--
INFO: Run Behavior\BuildLiteBehavior [ RunTime:0.000012s ]
INFO: [ app_init ] --END-- [ RunTime:0.000799s ]

[ 2019-04-16T12:28:11+08:00 ] 127.0.0.1 /Public/static/image/common/pn.png
INFO: [ app_init ] --START--
INFO: Run Behavior\BuildLiteBehavior [ RunTime:0.000013s ]
INFO: [ app_init ] --END-- [ RunTime:0.000930s ]

[ 2019-04-16T12:28:13+08:00 ] 127.0.0.1 /Public/static/image/common/midavt_shadow.gif
INFO: [ app_init ] --START--
INFO: Run Behavior\BuildLiteBehavior [ RunTime:0.000014s ]
INFO: [ app_init ] --END-- [ RunTime:0.001174s ]

[ 2019-04-16T12:28:13+08:00 ] 127.0.0.1 /Public/static/image/common/pn.png
INFO: [ app_init ] --START--
INFO: Run Behavior\BuildLiteBehavior [ RunTime:0.000024s ]
INFO: [ app_init ] --END-- [ RunTime:0.000812s ]

[ 2019-04-16T12:28:17+08:00 ] 127.0.0.1 /Public/static/image/common/midavt_shadow.gif
INFO: [ app_init ] --START--
INFO: Run Behavior\BuildLiteBehavior [ RunTime:0.000012s ]
INFO: [ app_init ] --END-- [ RunTime:0.000808s ]

[ 2019-04-16T12:28:17+08:00 ] 127.0.0.1 /Public/static/image/common/pn.png
INFO: [ app_init ] --START--
INFO: Run Behavior\BuildLiteBehavior [ RunTime:0.000014s ]
INFO: [ app_init ] --END-- [ RunTime:0.000873s ]

[ 2019-04-16T12:28:38+08:00 ] 127.0.0.1 /Public/static/image/common/midavt_shadow.gif
INFO: [ app_init ] --START--
INFO: Run Behavior\BuildLiteBehavior [ RunTime:0.000014s ]
INFO: [ app_init ] --END-- [ RunTime:0.001152s ]

[ 2019-04-16T12:28:38+08:00 ] 127.0.0.1 /Public/static/image/common/pn.png
INFO: [ app_init ] --START--
INFO: Run Behavior\BuildLiteBehavior [ RunTime:0.000079s ]
INFO: [ app_init ] --END-- [ RunTime:0.006269s ]

[ 2019-04-16T13:56:30+08:00 ] 127.0.0.1 /Public/static/image/common/midavt_shadow.gif
INFO: [ app_init ] --START--
INFO: Run Behavior\BuildLiteBehavior [ RunTime:0.000035s ]
INFO: [ app_init ] --END-- [ RunTime:0.001740s ]

[ 2019-04-16T13:56:30+08:00 ] 127.0.0.1 /Public/static/image/common/pn.png
INFO: [ app_init ] --START--
INFO: Run Behavior\BuildLiteBehavior [ RunTime:0.000017s ]
INFO: [ app_init ] --END-- [ RunTime:0.001724s ]

[ 2019-04-16T13:56:40+08:00 ] 127.0.0.1 /Public/static/image/common/midavt_shadow.gif
INFO: [ app_init ] --START--
INFO: Run Behavior\BuildLiteBehavior [ RunTime:0.000011s ]
INFO: [ app_init ] --END-- [ RunTime:0.000705s ]

[ 2019-04-16T13:56:40+08:00 ] 127.0.0.1 /Public/static/image/common/pn.png
INFO: [ app_init ] --START--
INFO: Run Behavior\BuildLiteBehavior [ RunTime:0.000014s ]
INFO: [ app_init ] --END-- [ RunTime:0.000909s ]

[ 2019-04-16T13:56:42+08:00 ] 127.0.0.1 /Public/static/image/common/midavt_shadow.gif
INFO: [ app_init ] --START--
INFO: Run Behavior\BuildLiteBehavior [ RunTime:0.000016s ]
INFO: [ app_init ] --END-- [ RunTime:0.000975s ]

[ 2019-04-16T13:56:42+08:00 ] 127.0.0.1 /Public/static/image/common/pn.png
INFO: [ app_init ] --START--
INFO: Run Behavior\BuildLiteBehavior [ RunTime:0.000023s ]
INFO: [ app_init ] --END-- [ RunTime:0.001333s ]

[ 2019-04-16T14:38:37+08:00 ] 127.0.0.1 /index.html
INFO: [ app_init ] --START--
INFO: Run Behavior\BuildLiteBehavior [ RunTime:0.000008s ]
INFO: [ app_init ] --END-- [ RunTime:0.000660s ]
ERR: 无法加载模块:Index

[ 2019-04-16T14:38:40+08:00 ] 127.0.0.1 /index.html
INFO: [ app_init ] --START--
INFO: Run Behavior\BuildLiteBehavior [ RunTime:0.000010s ]
INFO: [ app_init ] --END-- [ RunTime:0.001351s ]
ERR: 无法加载模块:Index

[ 2019-04-16T14:39:31+08:00 ] 127.0.0.1 /index.html
INFO: [ app_init ] --START--
INFO: Run Behavior\BuildLiteBehavior [ RunTime:0.000010s ]
INFO: [ app_init ] --END-- [ RunTime:0.000716s ]
ERR: 无法加载模块:Index

[ 2019-04-16T16:55:20+08:00 ] 127.0.0.1 /Public/static/image/common/midavt_shadow.gif
INFO: [ app_init ] --START--
INFO: Run Behavior\BuildLiteBehavior [ RunTime:0.000025s ]
INFO: [ app_init ] --END-- [ RunTime:0.000798s ]

[ 2019-04-16T16:55:20+08:00 ] 127.0.0.1 /Public/static/image/common/pn.png
INFO: [ app_init ] --START--
INFO: Run Behavior\BuildLiteBehavior [ RunTime:0.000009s ]
INFO: [ app_init ] --END-- [ RunTime:0.000860s ]

[ 2019-04-16T16:55:25+08:00 ] 127.0.0.1 /Public/static/image/common/midavt_shadow.gif
INFO: [ app_init ] --START--
INFO: Run Behavior\BuildLiteBehavior [ RunTime:0.000017s ]
INFO: [ app_init ] --END-- [ RunTime:0.000949s ]

[ 2019-04-16T16:55:25+08:00 ] 127.0.0.1 /Public/static/image/common/pn.png
INFO: [ app_init ] --START--
INFO: Run Behavior\BuildLiteBehavior [ RunTime:0.000010s ]
INFO: [ app_init ] --END-- [ RunTime:0.000700s ]

[ 2019-04-16T16:58:57+08:00 ] 127.0.0.1 /Public/static/image/common/midavt_shadow.gif
INFO: [ app_init ] --START--
INFO: Run Behavior\BuildLiteBehavior [ RunTime:0.000018s ]
INFO: [ app_init ] --END-- [ RunTime:0.000999s ]

[ 2019-04-16T16:58:57+08:00 ] 127.0.0.1 /Public/static/image/common/pn.png
INFO: [ app_init ] --START--
INFO: Run Behavior\BuildLiteBehavior [ RunTime:0.000015s ]
INFO: [ app_init ] --END-- [ RunTime:0.002680s ]

[ 2019-04-16T17:06:53+08:00 ] 127.0.0.1 /Public/static/image/common/midavt_shadow.gif
INFO: [ app_init ] --START--
INFO: Run Behavior\BuildLiteBehavior [ RunTime:0.000014s ]
INFO: [ app_init ] --END-- [ RunTime:0.000912s ]

[ 2019-04-16T17:06:53+08:00 ] 127.0.0.1 /Public/static/image/common/pn.png
INFO: [ app_init ] --START--
INFO: Run Behavior\BuildLiteBehavior [ RunTime:0.000018s ]
INFO: [ app_init ] --END-- [ RunTime:0.001185s ]

[ 2019-04-16T17:16:08+08:00 ] 127.0.0.1 /Public/static/image/common/midavt_shadow.gif
INFO: [ app_init ] --START--
INFO: Run Behavior\BuildLiteBehavior [ RunTime:0.000012s ]
INFO: [ app_init ] --END-- [ RunTime:0.000764s ]

[ 2019-04-16T17:16:08+08:00 ] 127.0.0.1 /Public/static/image/common/pn.png
INFO: [ app_init ] --START--
INFO: Run Behavior\BuildLiteBehavior [ RunTime:0.000012s ]
INFO: [ app_init ] --END-- [ RunTime:0.000832s ]

[ 2019-04-16T17:16:20+08:00 ] 127.0.0.1 /Public/static/image/common/midavt_shadow.gif
INFO: [ app_init ] --START--
INFO: Run Behavior\BuildLiteBehavior [ RunTime:0.000015s ]
INFO: [ app_init ] --END-- [ RunTime:0.001804s ]

[ 2019-04-16T17:16:20+08:00 ] 127.0.0.1 /Public/static/image/common/pn.png
INFO: [ app_init ] --START--
INFO: Run Behavior\BuildLiteBehavior [ RunTime:0.000013s ]
INFO: [ app_init ] --END-- [ RunTime:0.000879s ]

[ 2019-04-16T17:16:40+08:00 ] 127.0.0.1 /Public/static/image/common/midavt_shadow.gif
INFO: [ app_init ] --START--
INFO: Run Behavior\BuildLiteBehavior [ RunTime:0.000014s ]
INFO: [ app_init ] --END-- [ RunTime:0.000997s ]

[ 2019-04-16T17:16:40+08:00 ] 127.0.0.1 /Public/static/image/common/pn.png
INFO: [ app_init ] --START--
INFO: Run Behavior\BuildLiteBehavior [ RunTime:0.000031s ]
INFO: [ app_init ] --END-- [ RunTime:0.000849s ]

[ 2019-04-16T17:16:55+08:00 ] 127.0.0.1 /Public/static/image/common/midavt_shadow.gif
INFO: [ app_init ] --START--
INFO: Run Behavior\BuildLiteBehavior [ RunTime:0.000015s ]
INFO: [ app_init ] --END-- [ RunTime:0.001219s ]

[ 2019-04-16T17:16:55+08:00 ] 127.0.0.1 /Public/static/image/common/pn.png
INFO: [ app_init ] --START--
INFO: Run Behavior\BuildLiteBehavior [ RunTime:0.000015s ]
INFO: [ app_init ] --END-- [ RunTime:0.001295s ]

[ 2019-04-16T17:17:16+08:00 ] 127.0.0.1 /Public/static/image/common/midavt_shadow.gif
INFO: [ app_init ] --START--
INFO: Run Behavior\BuildLiteBehavior [ RunTime:0.000012s ]
INFO: [ app_init ] --END-- [ RunTime:0.000944s ]

[ 2019-04-16T17:17:16+08:00 ] 127.0.0.1 /Public/static/image/common/pn.png
INFO: [ app_init ] --START--
INFO: Run Behavior\BuildLiteBehavior [ RunTime:0.000138s ]
INFO: [ app_init ] --END-- [ RunTime:0.001139s ]

[ 2019-04-16T17:18:09+08:00 ] 127.0.0.1 /Public/static/image/common/px.png
INFO: [ app_init ] --START--
INFO: Run Behavior\BuildLiteBehavior [ RunTime:0.000008s ]
INFO: [ app_init ] --END-- [ RunTime:0.000526s ]

[ 2019-04-16T17:18:25+08:00 ] 127.0.0.1 /Public/static/image/common/midavt_shadow.gif
INFO: [ app_init ] --START--
INFO: Run Behavior\BuildLiteBehavior [ RunTime:0.000013s ]
INFO: [ app_init ] --END-- [ RunTime:0.000810s ]

[ 2019-04-16T17:18:25+08:00 ] 127.0.0.1 /Public/static/image/common/pn.png
INFO: [ app_init ] --START--
INFO: Run Behavior\BuildLiteBehavior [ RunTime:0.000015s ]
INFO: [ app_init ] --END-- [ RunTime:0.000930s ]

[ 2019-04-16T18:52:14+08:00 ] 127.0.0.1 /Public/static/image/common/px.png
INFO: [ app_init ] --START--
INFO: Run Behavior\BuildLiteBehavior [ RunTime:0.000013s ]
INFO: [ app_init ] --END-- [ RunTime:0.001068s ]

[ 2019-04-16T19:56:12+08:00 ] 127.0.0.1 /Public/static/image/common/px.png
INFO: [ app_init ] --START--
INFO: Run Behavior\BuildLiteBehavior [ RunTime:0.000013s ]
INFO: [ app_init ] --END-- [ RunTime:0.000884s ]

[ 2019-04-16T20:31:38+08:00 ] 127.0.0.1 /index.html
INFO: [ app_init ] --START--
INFO: Run Behavior\BuildLiteBehavior [ RunTime:0.000017s ]
INFO: [ app_init ] --END-- [ RunTime:0.001860s ]
ERR: 无法加载模块:Index

[ 2019-04-16T20:32:00+08:00 ] 127.0.0.1 /Public/static/image/common/px.png
INFO: [ app_init ] --START--
INFO: Run Behavior\BuildLiteBehavior [ RunTime:0.000014s ]
INFO: [ app_init ] --END-- [ RunTime:0.001098s ]

[ 2019-04-16T20:36:28+08:00 ] 127.0.0.1 /Public/static/image/common/px.png
INFO: [ app_init ] --START--
INFO: Run Behavior\BuildLiteBehavior [ RunTime:0.000013s ]
INFO: [ app_init ] --END-- [ RunTime:0.000944s ]

[ 2019-04-16T20:59:29+08:00 ] 127.0.0.1 /favicon.ico
INFO: [ app_init ] --START--
INFO: Run Behavior\BuildLiteBehavior [ RunTime:0.000015s ]
INFO: [ app_init ] --END-- [ RunTime:0.000889s ]

[ 2019-04-16T21:23:50+08:00 ] 127.0.0.1 /index.php?m=amdin&c=look&a=update
INFO: [ app_init ] --START--
INFO: Run Behavior\BuildLiteBehavior [ RunTime:0.000014s ]
INFO: [ app_init ] --END-- [ RunTime:0.000936s ]
ERR: 无法加载模块:Amdin

[ 2019-04-16T21:24:04+08:00 ] 127.0.0.1 /index.php?m=amdin&c=look&a=update
INFO: [ app_init ] --START--
INFO: Run Behavior\BuildLiteBehavior [ RunTime:0.000017s ]
INFO: [ app_init ] --END-- [ RunTime:0.000987s ]
ERR: 无法加载模块:Amdin

